[2018-09-13 18:28:54] local.INFO: Start send email.
[2018-09-13 18:28:55] local.INFO: Could not send email for system error.
[2018-09-13 18:28:55] local.ERROR: stream_socket_enable_crypto(): SSL operation failed with code 1. OpenSSL Error messages:
error:14090086:SSL routines:ssl3_get_server_certificate:certificate verify failed {"exception":"[object] (ErrorException(code: 0): stream_socket_enable_crypto(): SSL operation failed with code 1. OpenSSL Error messages:
error:14090086:SSL routines:ssl3_get_server_certificate:certificate verify failed at C:\\Users\\haluong\\Desktop\\web\\php\\7days\\vendor\\swiftmailer\\swiftmailer\\lib\\classes\\Swift\\Transport\\StreamBuffer.php:94)
[stacktrace]
#0 [internal function]: Illuminate\\Foundation\\Bootstrap\\HandleExceptions->handleError(2, 'stream_socket_e...', 'C:\\\\Users\\\\haluon...', 94, Array)
#1 C:\\Users\\haluong\\Desktop\\web\\php\\7days\\vendor\\swiftmailer\\swiftmailer\\lib\\classes\\Swift\\Transport\\StreamBuffer.php(94): stream_socket_enable_crypto(Resource id #579, true, 57)
#2 C:\\Users\\haluong\\Desktop\\web\\php\\7days\\vendor\\swiftmailer\\swiftmailer\\lib\\classes\\Swift\\Transport\\EsmtpTransport.php(348): Swift_Transport_StreamBuffer->startTLS()
#3 C:\\Users\\haluong\\Desktop\\web\\php\\7days\\vendor\\swiftmailer\\swiftmailer\\lib\\classes\\Swift\\Transport\\AbstractSmtpTransport.php(148): Swift_Transport_EsmtpTransport->doHeloCommand()
#4 C:\\Users\\haluong\\Desktop\\web\\php\\7days\\vendor\\swiftmailer\\swiftmailer\\lib\\classes\\Swift\\Mailer.php(64): Swift_Transport_AbstractSmtpTransport->start()
#5 C:\\Users\\haluong\\Desktop\\web\\php\\7days\\vendor\\laravel\\framework\\src\\Illuminate\\Mail\\Mailer.php(464): Swift_Mailer->send(Object(Swift_Message), Array)
#6 C:\\Users\\haluong\\Desktop\\web\\php\\7days\\vendor\\laravel\\framework\\src\\Illuminate\\Mail\\Mailer.php(248): Illuminate\\Mail\\Mailer->sendSwiftMessage(Object(Swift_Message))
#7 C:\\Users\\haluong\\Desktop\\web\\php\\7days\\vendor\\laravel\\framework\\src\\Illuminate\\Mail\\Mailable.php(148): Illuminate\\Mail\\Mailer->send('emails.welcome', Array, Object(Closure))
#8 C:\\Users\\haluong\\Desktop\\web\\php\\7days\\vendor\\laravel\\framework\\src\\Illuminate\\Support\\Traits\\Localizable.php(18): Illuminate\\Mail\\Mailable->Illuminate\\Mail\\{closure}()
#9 C:\\Users\\haluong\\Desktop\\web\\php\\7days\\vendor\\laravel\\framework\\src\\Illuminate\\Mail\\Mailable.php(149): Illuminate\\Mail\\Mailable->withLocale(NULL, Object(Illuminate\\Translation\\Translator), Object(Closure))
#10 C:\\Users\\haluong\\Desktop\\web\\php\\7days\\vendor\\laravel\\framework\\src\\Illuminate\\Mail\\Mailer.php(263): Illuminate\\Mail\\Mailable->send(Object(Illuminate\\Mail\\Mailer))
#11 C:\\Users\\haluong\\Desktop\\web\\php\\7days\\vendor\\laravel\\framework\\src\\Illuminate\\Mail\\Mailer.php(218): Illuminate\\Mail\\Mailer->sendMailable(Object(App\\Mail\\WelcomeMail))
#12 C:\\Users\\haluong\\Desktop\\web\\php\\7days\\vendor\\laravel\\framework\\src\\Illuminate\\Mail\\PendingMail.php(119): Illuminate\\Mail\\Mailer->send(Object(App\\Mail\\WelcomeMail))
#13 C:\\Users\\haluong\\Desktop\\web\\php\\7days\\app\\Jobs\\SendMailJob.php(55): Illuminate\\Mail\\PendingMail->send(Object(App\\Mail\\WelcomeMail))
#14 [internal function]: App\\Jobs\\SendMailJob->handle()
#15 C:\\Users\\haluong\\Desktop\\web\\php\\7days\\vendor\\laravel\\framework\\src\\Illuminate\\Container\\BoundMethod.php(29): call_user_func_array(Array, Array)
#16 C:\\Users\\haluong\\Desktop\\web\\php\\7days\\vendor\\laravel\\framework\\src\\Illuminate\\Container\\BoundMethod.php(87): Illuminate\\Container\\BoundMethod::Illuminate\\Container\\{closure}()
#17 C:\\Users\\haluong\\Desktop\\web\\php\\7days\\vendor\\laravel\\framework\\src\\Illuminate\\Container\\BoundMethod.php(31): Illuminate\\Container\\BoundMethod::callBoundMethod(Object(Illuminate\\Foundation\\Application), Array, Object(Closure))
#18 C:\\Users\\haluong\\Desktop\\web\\php\\7days\\vendor\\laravel\\framework\\src\\Illuminate\\Container\\Container.php(564): Illuminate\\Container\\BoundMethod::call(Object(Illuminate\\Foundation\\Application), Array, Array, NULL)
#19 C:\\Users\\haluong\\Desktop\\web\\php\\7days\\vendor\\laravel\\framework\\src\\Illuminate\\Bus\\Dispatcher.php(94): Illuminate\\Container\\Container->call(Array)
#20 C:\\Users\\haluong\\Desktop\\web\\php\\7days\\vendor\\laravel\\framework\\src\\Illuminate\\Pipeline\\Pipeline.php(116): Illuminate\\Bus\\Dispatcher->Illuminate\\Bus\\{closure}(Object(App\\Jobs\\SendMailJob))
#21 C:\\Users\\haluong\\Desktop\\web\\php\\7days\\vendor\\laravel\\framework\\src\\Illuminate\\Pipeline\\Pipeline.php(104): Illuminate\\Pipeline\\Pipeline->Illuminate\\Pipeline\\{closure}(Object(App\\Jobs\\SendMailJob))
#22 C:\\Users\\haluong\\Desktop\\web\\php\\7days\\vendor\\laravel\\framework\\src\\Illuminate\\Bus\\Dispatcher.php(98): Illuminate\\Pipeline\\Pipeline->then(Object(Closure))
#23 C:\\Users\\haluong\\Desktop\\web\\php\\7days\\vendor\\laravel\\framework\\src\\Illuminate\\Queue\\CallQueuedHandler.php(49): Illuminate\\Bus\\Dispatcher->dispatchNow(Object(App\\Jobs\\SendMailJob), false)
#24 C:\\Users\\haluong\\Desktop\\web\\php\\7days\\vendor\\laravel\\framework\\src\\Illuminate\\Queue\\Jobs\\Job.php(83): Illuminate\\Queue\\CallQueuedHandler->call(Object(Illuminate\\Queue\\Jobs\\DatabaseJob), Array)
#25 C:\\Users\\haluong\\Desktop\\web\\php\\7days\\vendor\\laravel\\framework\\src\\Illuminate\\Queue\\Worker.php(322): Illuminate\\Queue\\Jobs\\Job->fire()
#26 C:\\Users\\haluong\\Desktop\\web\\php\\7days\\vendor\\laravel\\framework\\src\\Illuminate\\Queue\\Worker.php(272): Illuminate\\Queue\\Worker->process('database', Object(Illuminate\\Queue\\Jobs\\DatabaseJob), Object(Illuminate\\Queue\\WorkerOptions))
#27 C:\\Users\\haluong\\Desktop\\web\\php\\7days\\vendor\\laravel\\framework\\src\\Illuminate\\Queue\\Worker.php(118): Illuminate\\Queue\\Worker->runJob(Object(Illuminate\\Queue\\Jobs\\DatabaseJob), 'database', Object(Illuminate\\Queue\\WorkerOptions))
#28 C:\\Users\\haluong\\Desktop\\web\\php\\7days\\vendor\\laravel\\framework\\src\\Illuminate\\Queue\\Console\\WorkCommand.php(101): Illuminate\\Queue\\Worker->daemon('database', 'default', Object(Illuminate\\Queue\\WorkerOptions))
#29 C:\\Users\\haluong\\Desktop\\web\\php\\7days\\vendor\\laravel\\framework\\src\\Illuminate\\Queue\\Console\\WorkCommand.php(85): Illuminate\\Queue\\Console\\WorkCommand->runWorker('database', 'default')
#30 [internal function]: Illuminate\\Queue\\Console\\WorkCommand->handle()
#31 C:\\Users\\haluong\\Desktop\\web\\php\\7days\\vendor\\laravel\\framework\\src\\Illuminate\\Container\\BoundMethod.php(29): call_user_func_array(Array, Array)
#32 C:\\Users\\haluong\\Desktop\\web\\php\\7days\\vendor\\laravel\\framework\\src\\Illuminate\\Container\\BoundMethod.php(87): Illuminate\\Container\\BoundMethod::Illuminate\\Container\\{closure}()
#33 C:\\Users\\haluong\\Desktop\\web\\php\\7days\\vendor\\laravel\\framework\\src\\Illuminate\\Container\\BoundMethod.php(31): Illuminate\\Container\\BoundMethod::callBoundMethod(Object(Illuminate\\Foundation\\Application), Array, Object(Closure))
#34 C:\\Users\\haluong\\Desktop\\web\\php\\7days\\vendor\\laravel\\framework\\src\\Illuminate\\Container\\Container.php(564): Illuminate\\Container\\BoundMethod::call(Object(Illuminate\\Foundation\\Application), Array, Array, NULL)
#35 C:\\Users\\haluong\\Desktop\\web\\php\\7days\\vendor\\laravel\\framework\\src\\Illuminate\\Console\\Command.php(184): Illuminate\\Container\\Container->call(Array)
#36 C:\\Users\\haluong\\Desktop\\web\\php\\7days\\vendor\\symfony\\console\\Command\\Command.php(251): Illuminate\\Console\\Command->execute(Object(Symfony\\Component\\Console\\Input\\ArgvInput), Object(Illuminate\\Console\\OutputStyle))
#37 C:\\Users\\haluong\\Desktop\\web\\php\\7days\\vendor\\laravel\\framework\\src\\Illuminate\\Console\\Command.php(171): Symfony\\Component\\Console\\Command\\Command->run(Object(Symfony\\Component\\Console\\Input\\ArgvInput), Object(Illuminate\\Console\\OutputStyle))
#38 C:\\Users\\haluong\\Desktop\\web\\php\\7days\\vendor\\symfony\\console\\Application.php(886): Illuminate\\Console\\Command->run(Object(Symfony\\Component\\Console\\Input\\ArgvInput), Object(Symfony\\Component\\Console\\Output\\ConsoleOutput))
#39 C:\\Users\\haluong\\Desktop\\web\\php\\7days\\vendor\\symfony\\console\\Application.php(262): Symfony\\Component\\Console\\Application->doRunCommand(Object(Illuminate\\Queue\\Console\\WorkCommand), Object(Symfony\\Component\\Console\\Input\\ArgvInput), Object(Symfony\\Component\\Console\\Output\\ConsoleOutput))
#40 C:\\Users\\haluong\\Desktop\\web\\php\\7days\\vendor\\symfony\\console\\Application.php(145): Symfony\\Component\\Console\\Application->doRun(Object(Symfony\\Component\\Console\\Input\\ArgvInput), Object(Symfony\\Component\\Console\\Output\\ConsoleOutput))
#41 C:\\Users\\haluong\\Desktop\\web\\php\\7days\\vendor\\laravel\\framework\\src\\Illuminate\\Console\\Application.php(89): Symfony\\Component\\Console\\Application->run(Object(Symfony\\Component\\Console\\Input\\ArgvInput), Object(Symfony\\Component\\Console\\Output\\ConsoleOutput))
#42 C:\\Users\\haluong\\Desktop\\web\\php\\7days\\vendor\\laravel\\framework\\src\\Illuminate\\Foundation\\Console\\Kernel.php(122): Illuminate\\Console\\Application->run(Object(Symfony\\Component\\Console\\Input\\ArgvInput), Object(Symfony\\Component\\Console\\Output\\ConsoleOutput))
#43 C:\\Users\\haluong\\Desktop\\web\\php\\7days\\artisan(37): Illuminate\\Foundation\\Console\\Kernel->handle(Object(Symfony\\Component\\Console\\Input\\ArgvInput), Object(Symfony\\Component\\Console\\Output\\ConsoleOutput))
#44 {main}
"}
